<?xml version="1.0" encoding="UTF-8"?>
<robot generator="Robot 7.1.1 (Python 3.9.0 on win32)" generated="2024-12-08T00:48:39.163690" rpa="false" schemaversion="5">
<suite id="s1" name="Login Test Robot" source="C:\Users\HADIL\Desktop\test website\login_test_robot.robot">
<test id="s1-t1" name="Test Login to SauceDemo" line="10">
<kw name="Open Browser" owner="SeleniumLibrary">
<msg time="2024-12-08T00:48:39.881658" level="INFO">Opening browser 'chrome' to base url 'https://www.saucedemo.com/'.</msg>
<arg>${URL}</arg>
<arg>chrome</arg>
<doc>Opens a new browser instance to the optional ``url``.</doc>
<status status="PASS" start="2024-12-08T00:48:39.877688" elapsed="6.940037"/>
</kw>
<kw name="Input Text" owner="SeleniumLibrary">
<msg time="2024-12-08T00:48:46.818723" level="INFO">Typing text 'standard_user' into text field 'id:user-name'.</msg>
<arg>id:user-name</arg>
<arg>${USERNAME}</arg>
<doc>Types the given ``text`` into the text field identified by ``locator``.</doc>
<status status="PASS" start="2024-12-08T00:48:46.818723" elapsed="0.264000"/>
</kw>
<kw name="Input Text" owner="SeleniumLibrary">
<msg time="2024-12-08T00:48:47.083722" level="INFO">Typing text 'secret_sauce' into text field 'id:password'.</msg>
<arg>id:password</arg>
<arg>${PASSWORD}</arg>
<doc>Types the given ``text`` into the text field identified by ``locator``.</doc>
<status status="PASS" start="2024-12-08T00:48:47.083722" elapsed="0.204002"/>
</kw>
<kw name="Click Button" owner="SeleniumLibrary">
<msg time="2024-12-08T00:48:47.290723" level="INFO">Clicking button 'id:login-button'.</msg>
<arg>id:login-button</arg>
<doc>Clicks the button identified by ``locator``.</doc>
<status status="PASS" start="2024-12-08T00:48:47.289721" elapsed="0.273000"/>
</kw>
<kw name="Page Should Contain Element" owner="SeleniumLibrary">
<msg time="2024-12-08T00:48:47.627721" level="INFO">Current page contains element 'css:.inventory_list'.</msg>
<arg>css:.inventory_list</arg>
<doc>Verifies that element ``locator`` is found on the current page.</doc>
<status status="PASS" start="2024-12-08T00:48:47.579724" elapsed="0.048999"/>
</kw>
<kw name="Close Browser" owner="SeleniumLibrary">
<doc>Closes the current browser.</doc>
<status status="PASS" start="2024-12-08T00:48:47.629723" elapsed="2.440158"/>
</kw>
<doc>Test the login functionality of SauceDemo</doc>
<status status="PASS" start="2024-12-08T00:48:39.876653" elapsed="10.194221"/>
</test>
<status status="PASS" start="2024-12-08T00:48:39.168651" elapsed="10.904229"/>
</suite>
<statistics>
<total>
<stat pass="1" fail="0" skip="0">All Tests</stat>
</total>
<tag>
</tag>
<suite>
<stat pass="1" fail="0" skip="0" id="s1" name="Login Test Robot">Login Test Robot</stat>
</suite>
</statistics>
<errors>
</errors>
</robot>
